[2022-09-10 12:01:09 : INFO] - Re_Smush_It_Task server status: Online 
[2022-09-10 12:01:11 : INFO] - 
 
[2022-09-10 12:01:11 : INFO] - Header for logs at time:  Sat, 10 Sep 2022 12:01:11 +0000 on http://localhost/portfoliossingh 
[2022-09-10 12:01:11 : INFO] - WP: 6.0.2 
[2022-09-10 12:01:11 : INFO] - PHP: 8.1.6 (apache2handler, Windows NT ROBIN 10.0 build 18363 (Windows 10) AMD64) 
[2022-09-10 12:01:11 : INFO] - MySQL: 10.4.24 
[2022-09-10 12:01:11 : INFO] - WPLANG: en_GB 
[2022-09-10 12:01:11 : INFO] - Server: Apache/2.4.53 (Win64) OpenSSL/1.1.1n PHP/8.1.6 
[2022-09-10 12:01:11 : INFO] - Outbound connections: N 
[2022-09-10 12:01:11 : INFO] - safe_mode: 0 
[2022-09-10 12:01:11 : INFO] - max_execution_time: 600 
[2022-09-10 12:01:11 : INFO] - memory_limit: 512M (used: 76.6M | 78M) 
[2022-09-10 12:01:11 : INFO] - multisite: N 
[2022-09-10 12:01:11 : INFO] - openssl: OpenSSL 1.1.1n  15 Mar 2022 
[2022-09-10 12:02:15 : INFO] - 
 
[2022-09-10 12:02:15 : INFO] - Header for logs at time:  Sat, 10 Sep 2022 12:02:15 +0000 on http://localhost/portfoliossingh 
[2022-09-10 12:02:15 : INFO] - WP: 6.0.2 
[2022-09-10 12:02:15 : INFO] - PHP: 8.1.6 (apache2handler, Windows NT ROBIN 10.0 build 18363 (Windows 10) AMD64) 
[2022-09-10 12:02:15 : INFO] - MySQL: 10.4.24 
[2022-09-10 12:02:15 : INFO] - WPLANG: en_GB 
[2022-09-10 12:02:15 : INFO] - Server: Apache/2.4.53 (Win64) OpenSSL/1.1.1n PHP/8.1.6 
[2022-09-10 12:02:15 : INFO] - Outbound connections: N 
[2022-09-10 12:02:15 : INFO] - safe_mode: 0 
[2022-09-10 12:02:15 : INFO] - max_execution_time: 600 
[2022-09-10 12:02:15 : INFO] - memory_limit: 512M (used: 76.6M | 78M) 
[2022-09-10 12:02:15 : INFO] - multisite: N 
[2022-09-10 12:02:15 : INFO] - openssl: OpenSSL 1.1.1n  15 Mar 2022 
[2022-09-10 12:02:15 : INFO] - A total of 41 tasks of type smush found and will be processed in this iteration 
[2022-09-10 12:02:15 : DEBUG] - Lock option (updraft_lock_smush, wp_options) was created in the database 
[2022-09-10 12:02:15 : INFO] - Lock (updraft_lock_smush, wp_options) acquired after initialising the database 
[2022-09-10 12:02:16 : INFO] - Processing task with ID : 1, and type 'smush' 
[2022-09-10 12:02:16 : INFO] - Re_Smush_It_Task - Attachment ID : 69, Started on : September 10, 2022 12:01:11 
[2022-09-10 12:02:16 : INFO] - There were no WebP conversion tools found on your server. 
[2022-09-10 12:02:16 : INFO] - 100 
[2022-09-10 12:02:22 : INFO] - Backing up the original image - 2022/08/Artboard-updraft-pre-smush-original.png 
[2022-09-10 12:02:23 : INFO] - Successfully optimized the image - C:\xampp\htdocs\portfoliossingh/wp-content/uploads/2022/08/Artboard.png.The file was compressed from 283.21 KB to 61.34 KB saving 78.34 percent using WP-Optimize 
[2022-09-10 12:02:24 : INFO] - Completed processing task with ID : 1, and type 'smush' 
[2022-09-10 12:02:24 : INFO] - Processing task with ID : 2, and type 'smush' 
[2022-09-10 12:02:24 : INFO] - Re_Smush_It_Task - Attachment ID : 153, Started on : September 10, 2022 12:01:12 
[2022-09-10 12:02:24 : INFO] - There were no WebP conversion tools found on your server. 
[2022-09-10 12:02:24 : INFO] - 100 
[2022-09-10 12:02:31 : INFO] - Backing up the original image - 2022/09/Telstra-CP-updraft-pre-smush-original.jpg 
[2022-09-10 12:02:33 : INFO] - Successfully optimized the image - C:\xampp\htdocs\portfoliossingh/wp-content/uploads/2022/09/Telstra-CP.jpg.The file was compressed from 746.17 KB to 467.03 KB saving 37.41 percent using WP-Optimize 
[2022-09-10 12:02:34 : INFO] - Completed processing task with ID : 2, and type 'smush' 
[2022-09-10 12:02:35 : INFO] - Processing task with ID : 3, and type 'smush' 
[2022-09-10 12:02:35 : INFO] - Re_Smush_It_Task - Attachment ID : 164, Started on : September 10, 2022 12:01:14 
[2022-09-10 12:02:35 : INFO] - There were no WebP conversion tools found on your server. 
[2022-09-10 12:02:35 : INFO] - 100 
[2022-09-10 12:02:39 : INFO] - Backing up the original image - 2022/09/Telstra-logo-updraft-pre-smush-original.png 
[2022-09-10 12:02:39 : INFO] - Successfully optimized the image - C:\xampp\htdocs\portfoliossingh/wp-content/uploads/2022/09/Telstra-logo.png.The file was compressed from 48.28 KB to 47.23 KB saving 2.17 percent using WP-Optimize 
[2022-09-10 12:02:40 : INFO] - Completed processing task with ID : 3, and type 'smush' 
[2022-09-10 12:02:41 : INFO] - Processing task with ID : 4, and type 'smush' 
[2022-09-10 12:02:42 : INFO] - Re_Smush_It_Task - Attachment ID : 201, Started on : September 10, 2022 12:01:14 
[2022-09-10 12:02:42 : INFO] - There were no WebP conversion tools found on your server. 
[2022-09-10 12:02:42 : INFO] - 100 
[2022-09-10 12:02:44 : INFO] - Backing up the original image - 2022/09/NetomiLogo-1-updraft-pre-smush-original.jpeg 
[2022-09-10 12:02:45 : INFO] - Successfully optimized the image - C:\xampp\htdocs\portfoliossingh/wp-content/uploads/2022/09/NetomiLogo-1.jpeg.The file was compressed from 58.90 KB to 54.58 KB saving 7.34 percent using WP-Optimize 
[2022-09-10 12:02:46 : INFO] - Completed processing task with ID : 4, and type 'smush' 
[2022-09-10 12:02:46 : INFO] - Processing task with ID : 5, and type 'smush' 
[2022-09-10 12:02:47 : INFO] - Re_Smush_It_Task - Attachment ID : 202, Started on : September 10, 2022 12:01:15 
[2022-09-10 12:02:47 : INFO] - There were no WebP conversion tools found on your server. 
[2022-09-10 12:02:47 : INFO] - 100 
[2022-09-10 12:02:50 : INFO] - Backing up the original image - 2022/09/185_edited-updraft-pre-smush-original.jpg 
[2022-09-10 12:02:51 : INFO] - Successfully optimized the image - C:\xampp\htdocs\portfoliossingh/wp-content/uploads/2022/09/185_edited.jpg.The file was compressed from 188.50 KB to 181.47 KB saving 3.73 percent using WP-Optimize 
[2022-09-10 12:02:53 : INFO] - Completed processing task with ID : 5, and type 'smush' 
[2022-09-10 12:02:54 : INFO] - Processing task with ID : 6, and type 'smush' 
[2022-09-10 12:02:55 : INFO] - Re_Smush_It_Task - Attachment ID : 209, Started on : September 10, 2022 12:01:17 
[2022-09-10 12:02:55 : INFO] - There were no WebP conversion tools found on your server. 
[2022-09-10 12:02:55 : INFO] - 100 
[2022-09-10 12:02:57 : INFO] - Backing up the original image - 2022/09/Havells-1-1-updraft-pre-smush-original.jpeg 
[2022-09-10 12:02:59 : INFO] - Successfully optimized the image - C:\xampp\htdocs\portfoliossingh/wp-content/uploads/2022/09/Havells-1-1.jpeg.The file was compressed from 49.06 KB to 44.99 KB saving 8.3 percent using WP-Optimize 
[2022-09-10 12:03:01 : INFO] - Completed processing task with ID : 6, and type 'smush' 
[2022-09-10 12:03:02 : INFO] - Processing task with ID : 7, and type 'smush' 
[2022-09-10 12:03:02 : INFO] - Re_Smush_It_Task - Attachment ID : 210, Started on : September 10, 2022 12:01:18 
[2022-09-10 12:03:02 : INFO] - There were no WebP conversion tools found on your server. 
[2022-09-10 12:03:03 : INFO] - 100 
[2022-09-10 12:03:08 : INFO] - Backing up the original image - 2022/09/Havells-cp-updraft-pre-smush-original.jpg 
[2022-09-10 12:03:09 : INFO] - Successfully optimized the image - C:\xampp\htdocs\portfoliossingh/wp-content/uploads/2022/09/Havells-cp.jpg.The file was compressed from 381.92 KB to 245.58 KB saving 35.7 percent using WP-Optimize 
[2022-09-10 12:03:10 : INFO] - Completed processing task with ID : 7, and type 'smush' 
[2022-09-10 12:03:10 : INFO] - Processing task with ID : 8, and type 'smush' 
[2022-09-10 12:03:11 : INFO] - Re_Smush_It_Task - Attachment ID : 214, Started on : September 10, 2022 12:01:19 
[2022-09-10 12:03:11 : INFO] - There were no WebP conversion tools found on your server. 
[2022-09-10 12:03:11 : INFO] - 100 
[2022-09-10 12:03:15 : INFO] - Backing up the original image - 2022/09/china-idss-cp-updraft-pre-smush-original.jpg 
[2022-09-10 12:03:16 : INFO] - 
 
[2022-09-10 12:03:16 : INFO] - Header for logs at time:  Sat, 10 Sep 2022 12:03:16 +0000 on http://localhost/portfoliossingh 
[2022-09-10 12:03:16 : INFO] - WP: 6.0.2 
[2022-09-10 12:03:16 : INFO] - PHP: 8.1.6 (apache2handler, Windows NT ROBIN 10.0 build 18363 (Windows 10) AMD64) 
[2022-09-10 12:03:16 : INFO] - MySQL: 10.4.24 
[2022-09-10 12:03:16 : INFO] - WPLANG: en_GB 
[2022-09-10 12:03:16 : INFO] - Server: Apache/2.4.53 (Win64) OpenSSL/1.1.1n PHP/8.1.6 
[2022-09-10 12:03:16 : INFO] - Outbound connections: N 
[2022-09-10 12:03:16 : INFO] - safe_mode: 0 
[2022-09-10 12:03:16 : INFO] - max_execution_time: 600 
[2022-09-10 12:03:16 : INFO] - memory_limit: 512M (used: 76.8M | 78M) 
[2022-09-10 12:03:16 : INFO] - multisite: N 
[2022-09-10 12:03:16 : INFO] - openssl: OpenSSL 1.1.1n  15 Mar 2022 
[2022-09-10 12:03:16 : INFO] - A total of 54 tasks of type smush found and will be processed in this iteration 
[2022-09-10 12:03:16 : DEBUG] - Lock option (updraft_lock_smush, wp_options) already existed in the database 
[2022-09-10 12:03:16 : INFO] - Lock (updraft_lock_smush, wp_options) could not be acquired (it is locked) 
[2022-09-10 12:03:16 : INFO] - Failed to gain semaphore lock (smush) - another process is already processing the queue - aborting (if this is wrong - i.e. if the other process crashed without removing the lock, then another can be started after 1 minute 
[2022-09-10 12:03:17 : INFO] - Successfully optimized the image - C:\xampp\htdocs\portfoliossingh/wp-content/uploads/2022/09/china-idss-cp.jpg.The file was compressed from 281.01 KB to 203.71 KB saving 27.51 percent using WP-Optimize 
[2022-09-10 12:03:18 : INFO] - Completed processing task with ID : 8, and type 'smush' 
[2022-09-10 12:03:18 : INFO] - Processing task with ID : 9, and type 'smush' 
[2022-09-10 12:03:18 : INFO] - Re_Smush_It_Task - Attachment ID : 215, Started on : September 10, 2022 12:01:20 
[2022-09-10 12:03:18 : INFO] - There were no WebP conversion tools found on your server. 
[2022-09-10 12:03:18 : INFO] - 100 
[2022-09-10 12:03:22 : INFO] - Backing up the original image - 2022/09/dp2apt1_edited-updraft-pre-smush-original.jpg 
[2022-09-10 12:03:23 : INFO] - Successfully optimized the image - C:\xampp\htdocs\portfoliossingh/wp-content/uploads/2022/09/dp2apt1_edited.jpg.The file was compressed from 39.68 KB to 38.87 KB saving 2.04 percent using WP-Optimize 
[2022-09-10 12:03:24 : INFO] - Completed processing task with ID : 9, and type 'smush' 
[2022-09-10 12:03:24 : INFO] - Processing task with ID : 10, and type 'smush' 
[2022-09-10 12:03:25 : INFO] - Re_Smush_It_Task - Attachment ID : 216, Started on : September 10, 2022 12:01:21 
[2022-09-10 12:03:25 : INFO] - There were no WebP conversion tools found on your server. 
[2022-09-10 12:03:25 : INFO] - 100 
[2022-09-10 12:03:31 : INFO] - Backing up the original image - 2022/09/kit-new.610-updraft-pre-smush-original.jpg 
[2022-09-10 12:03:33 : INFO] - Successfully optimized the image - C:\xampp\htdocs\portfoliossingh/wp-content/uploads/2022/09/kit-new.610.jpg.The file was compressed from 361.46 KB to 328.71 KB saving 9.06 percent using WP-Optimize 
[2022-09-10 12:03:34 : INFO] - Completed processing task with ID : 10, and type 'smush' 
[2022-09-10 12:03:35 : INFO] - Processing task with ID : 11, and type 'smush' 
[2022-09-10 12:03:35 : INFO] - A total of 56 tasks of type smush found and will be processed in this iteration 
[2022-09-10 12:03:35 : DEBUG] - Lock option (updraft_lock_smush, wp_options) already existed in the database 
[2022-09-10 12:03:35 : INFO] - Lock (updraft_lock_smush, wp_options) could not be acquired (it is locked) 
[2022-09-10 12:03:35 : INFO] - Failed to gain semaphore lock (smush) - another process is already processing the queue - aborting (if this is wrong - i.e. if the other process crashed without removing the lock, then another can be started after 1 minute 
[2022-09-10 12:03:35 : INFO] - Re_Smush_It_Task - Attachment ID : 218, Started on : September 10, 2022 12:01:22 
[2022-09-10 12:03:35 : INFO] - There were no WebP conversion tools found on your server. 
[2022-09-10 12:03:35 : INFO] - 100 
[2022-09-10 12:03:40 : INFO] - Backing up the original image - 2022/09/14_edited-updraft-pre-smush-original.jpg 
[2022-09-10 12:03:41 : INFO] - Successfully optimized the image - C:\xampp\htdocs\portfoliossingh/wp-content/uploads/2022/09/14_edited.jpg.The file was compressed from 431.40 KB to 414.78 KB saving 3.85 percent using WP-Optimize 
[2022-09-10 12:03:41 : INFO] - Completed processing task with ID : 11, and type 'smush' 
[2022-09-10 12:03:42 : INFO] - Processing task with ID : 12, and type 'smush' 
[2022-09-10 12:03:42 : INFO] - Re_Smush_It_Task - Attachment ID : 219, Started on : September 10, 2022 12:01:24 
[2022-09-10 12:03:42 : INFO] - There were no WebP conversion tools found on your server. 
[2022-09-10 12:03:42 : INFO] - 100 
[2022-09-10 12:03:45 : INFO] - Backing up the original image - 2022/09/cp-updraft-pre-smush-original.jpg 
[2022-09-10 12:03:46 : INFO] - Successfully optimized the image - C:\xampp\htdocs\portfoliossingh/wp-content/uploads/2022/09/cp.jpg.The file was compressed from 116.55 KB to 112.36 KB saving 3.6 percent using WP-Optimize 
[2022-09-10 12:03:46 : INFO] - Completed processing task with ID : 12, and type 'smush' 
[2022-09-10 12:03:46 : INFO] - Processing task with ID : 13, and type 'smush' 
[2022-09-10 12:03:47 : INFO] - Re_Smush_It_Task - Attachment ID : 244, Started on : September 10, 2022 12:01:25 
[2022-09-10 12:03:47 : INFO] - There were no WebP conversion tools found on your server. 
[2022-09-10 12:03:47 : INFO] - 100 
[2022-09-10 12:03:50 : INFO] - Backing up the original image - 2022/09/17842697620020619-updraft-pre-smush-original.jpg 
[2022-09-10 12:03:50 : INFO] - Successfully optimized the image - C:\xampp\htdocs\portfoliossingh/wp-content/uploads/2022/09/17842697620020619.jpg.The file was compressed from 110.62 KB to 102.02 KB saving 7.77 percent using WP-Optimize 
[2022-09-10 12:03:51 : INFO] - Completed processing task with ID : 13, and type 'smush' 
[2022-09-10 12:03:51 : INFO] - Processing task with ID : 14, and type 'smush' 
[2022-09-10 12:03:51 : INFO] - Re_Smush_It_Task - Attachment ID : 303, Started on : September 10, 2022 12:01:26 
[2022-09-10 12:03:51 : INFO] - There were no WebP conversion tools found on your server. 
[2022-09-10 12:03:51 : INFO] - 100 
[2022-09-10 12:03:53 : INFO] - Backing up the original image - 2022/09/17850009371246545-updraft-pre-smush-original.jpg 
[2022-09-10 12:03:54 : INFO] - Successfully optimized the image - C:\xampp\htdocs\portfoliossingh/wp-content/uploads/2022/09/17850009371246545.jpg.The file was compressed from 41.75 KB to 34.52 KB saving 17.33 percent using WP-Optimize 
[2022-09-10 12:03:55 : INFO] - Completed processing task with ID : 14, and type 'smush' 
[2022-09-10 12:03:55 : INFO] - Processing task with ID : 15, and type 'smush' 
[2022-09-10 12:03:55 : INFO] - Re_Smush_It_Task - Attachment ID : 304, Started on : September 10, 2022 12:01:27 
[2022-09-10 12:03:55 : INFO] - There were no WebP conversion tools found on your server. 
[2022-09-10 12:03:55 : INFO] - 100 
[2022-09-10 12:03:57 : INFO] - Backing up the original image - 2022/09/17876732377808782-updraft-pre-smush-original.jpg 
[2022-09-10 12:03:58 : INFO] - Successfully optimized the image - C:\xampp\htdocs\portfoliossingh/wp-content/uploads/2022/09/17876732377808782.jpg.The file was compressed from 35.28 KB to 26.98 KB saving 23.52 percent using WP-Optimize 
[2022-09-10 12:03:58 : INFO] - Completed processing task with ID : 15, and type 'smush' 
[2022-09-10 12:03:59 : INFO] - Processing task with ID : 16, and type 'smush' 
[2022-09-10 12:03:59 : INFO] - Re_Smush_It_Task - Attachment ID : 305, Started on : September 10, 2022 12:01:28 
[2022-09-10 12:03:59 : INFO] - There were no WebP conversion tools found on your server. 
[2022-09-10 12:03:59 : INFO] - 100 
[2022-09-10 12:04:01 : INFO] - Backing up the original image - 2022/09/17899273639819691-updraft-pre-smush-original.jpg 
[2022-09-10 12:04:01 : INFO] - Successfully optimized the image - C:\xampp\htdocs\portfoliossingh/wp-content/uploads/2022/09/17899273639819691.jpg.The file was compressed from 117.67 KB to 115.33 KB saving 1.99 percent using WP-Optimize 
[2022-09-10 12:04:02 : INFO] - Completed processing task with ID : 16, and type 'smush' 
[2022-09-10 12:04:02 : INFO] - Processing task with ID : 17, and type 'smush' 
[2022-09-10 12:04:02 : INFO] - Re_Smush_It_Task - Attachment ID : 306, Started on : September 10, 2022 12:01:29 
[2022-09-10 12:04:02 : INFO] - There were no WebP conversion tools found on your server. 
[2022-09-10 12:04:02 : INFO] - 100 
[2022-09-10 12:04:05 : INFO] - Backing up the original image - 2022/09/17910284419890376-updraft-pre-smush-original.jpg 
[2022-09-10 12:04:05 : INFO] - Successfully optimized the image - C:\xampp\htdocs\portfoliossingh/wp-content/uploads/2022/09/17910284419890376.jpg.The file was compressed from 97.32 KB to 95.14 KB saving 2.24 percent using WP-Optimize 
[2022-09-10 12:04:06 : INFO] - Completed processing task with ID : 17, and type 'smush' 
[2022-09-10 12:04:06 : INFO] - Processing task with ID : 18, and type 'smush' 
[2022-09-10 12:04:07 : INFO] - Re_Smush_It_Task - Attachment ID : 307, Started on : September 10, 2022 12:01:31 
[2022-09-10 12:04:07 : INFO] - There were no WebP conversion tools found on your server. 
[2022-09-10 12:04:07 : INFO] - 100 
[2022-09-10 12:04:09 : INFO] - Backing up the original image - 2022/09/17923703830957289-updraft-pre-smush-original.jpg 
[2022-09-10 12:04:10 : INFO] - Successfully optimized the image - C:\xampp\htdocs\portfoliossingh/wp-content/uploads/2022/09/17923703830957289.jpg.The file was compressed from 90.64 KB to 87.80 KB saving 3.13 percent using WP-Optimize 
[2022-09-10 12:04:10 : INFO] - Completed processing task with ID : 18, and type 'smush' 
[2022-09-10 12:04:11 : INFO] - Processing task with ID : 19, and type 'smush' 
[2022-09-10 12:04:11 : INFO] - Re_Smush_It_Task - Attachment ID : 308, Started on : September 10, 2022 12:01:32 
[2022-09-10 12:04:11 : INFO] - There were no WebP conversion tools found on your server. 
[2022-09-10 12:04:11 : INFO] - 100 
[2022-09-10 12:04:12 : INFO] - 
 
[2022-09-10 12:04:12 : INFO] - Header for logs at time:  Sat, 10 Sep 2022 12:04:12 +0000 on http://localhost/portfoliossingh 
[2022-09-10 12:04:12 : INFO] - WP: 6.0.2 
[2022-09-10 12:04:12 : INFO] - PHP: 8.1.6 (apache2handler, Windows NT ROBIN 10.0 build 18363 (Windows 10) AMD64) 
[2022-09-10 12:04:12 : INFO] - MySQL: 10.4.24 
[2022-09-10 12:04:12 : INFO] - WPLANG: en_GB 
[2022-09-10 12:04:12 : INFO] - Server: Apache/2.4.53 (Win64) OpenSSL/1.1.1n PHP/8.1.6 
[2022-09-10 12:04:12 : INFO] - Outbound connections: N 
[2022-09-10 12:04:12 : INFO] - safe_mode: 0 
[2022-09-10 12:04:12 : INFO] - max_execution_time: 600 
[2022-09-10 12:04:12 : INFO] - memory_limit: 512M (used: 76.6M | 78M) 
[2022-09-10 12:04:12 : INFO] - multisite: N 
[2022-09-10 12:04:12 : INFO] - openssl: OpenSSL 1.1.1n  15 Mar 2022 
[2022-09-10 12:04:12 : INFO] - Backing up the original image - 2022/09/17933324215394850-updraft-pre-smush-original.jpg 
[2022-09-10 12:04:12 : INFO] - A total of 48 tasks of type smush found and will be processed in this iteration 
[2022-09-10 12:04:12 : DEBUG] - Lock option (updraft_lock_smush, wp_options) already existed in the database 
[2022-09-10 12:04:12 : INFO] - Lock (updraft_lock_smush, wp_options) could not be acquired (it is locked) 
[2022-09-10 12:04:12 : INFO] - Failed to gain semaphore lock (smush) - another process is already processing the queue - aborting (if this is wrong - i.e. if the other process crashed without removing the lock, then another can be started after 1 minute 
[2022-09-10 12:04:13 : INFO] - Successfully optimized the image - C:\xampp\htdocs\portfoliossingh/wp-content/uploads/2022/09/17933324215394850.jpg.The file was compressed from 31.77 KB to 23.21 KB saving 26.92 percent using WP-Optimize 
[2022-09-10 12:04:13 : INFO] - Completed processing task with ID : 19, and type 'smush' 
[2022-09-10 12:04:13 : INFO] - Processing task with ID : 20, and type 'smush' 
[2022-09-10 12:04:14 : INFO] - Re_Smush_It_Task - Attachment ID : 309, Started on : September 10, 2022 12:01:34 
[2022-09-10 12:04:14 : INFO] - There were no WebP conversion tools found on your server. 
[2022-09-10 12:04:14 : INFO] - 100 
[2022-09-10 12:04:16 : INFO] - Backing up the original image - 2022/09/18013911436348358-updraft-pre-smush-original.jpg 
[2022-09-10 12:04:16 : INFO] - Successfully optimized the image - C:\xampp\htdocs\portfoliossingh/wp-content/uploads/2022/09/18013911436348358.jpg.The file was compressed from 67.84 KB to 64.25 KB saving 5.29 percent using WP-Optimize 
[2022-09-10 12:04:17 : INFO] - Completed processing task with ID : 20, and type 'smush' 
[2022-09-10 12:04:17 : INFO] - Processing task with ID : 21, and type 'smush' 
[2022-09-10 12:04:17 : INFO] - Re_Smush_It_Task - Attachment ID : 313, Started on : September 10, 2022 12:01:36 
[2022-09-10 12:04:17 : INFO] - There were no WebP conversion tools found on your server. 
[2022-09-10 12:04:17 : INFO] - 100 
[2022-09-10 12:04:19 : INFO] - Task with ID 21 and type (smush) failed with error code 402 - Cannot copy from uploaded file 
[2022-09-10 12:04:20 : INFO] - Processing task with ID : 22, and type 'smush' 
[2022-09-10 12:04:20 : INFO] - Re_Smush_It_Task - Attachment ID : 314, Started on : September 10, 2022 12:01:37 
[2022-09-10 12:04:20 : INFO] - There were no WebP conversion tools found on your server. 
[2022-09-10 12:04:20 : INFO] - 100 
[2022-09-10 12:04:23 : INFO] - Backing up the original image - 2022/09/71e66975088855.5c4355f605b7a-updraft-pre-smush-original.jpg 
[2022-09-10 12:04:24 : INFO] - Successfully optimized the image - C:\xampp\htdocs\portfoliossingh/wp-content/uploads/2022/09/71e66975088855.5c4355f605b7a.jpg.The file was compressed from 135.85 KB to 134.29 KB saving 1.14 percent using WP-Optimize 
[2022-09-10 12:04:24 : INFO] - Completed processing task with ID : 22, and type 'smush' 
[2022-09-10 12:04:24 : INFO] - Processing task with ID : 23, and type 'smush' 
[2022-09-10 12:04:24 : INFO] - Re_Smush_It_Task - Attachment ID : 315, Started on : September 10, 2022 12:01:37 
[2022-09-10 12:04:24 : INFO] - There were no WebP conversion tools found on your server. 
[2022-09-10 12:04:24 : INFO] - 100 
[2022-09-10 12:04:29 : INFO] - Backing up the original image - 2022/09/97a29575088855.5c4355f62536b-updraft-pre-smush-original.jpg 
[2022-09-10 12:04:30 : INFO] - Successfully optimized the image - C:\xampp\htdocs\portfoliossingh/wp-content/uploads/2022/09/97a29575088855.5c4355f62536b.jpg.The file was compressed from 277.50 KB to 273.22 KB saving 1.54 percent using WP-Optimize 
[2022-09-10 12:04:30 : INFO] - Completed processing task with ID : 23, and type 'smush' 
[2022-09-10 12:04:31 : INFO] - Processing task with ID : 24, and type 'smush' 
[2022-09-10 12:04:31 : INFO] - Re_Smush_It_Task - Attachment ID : 316, Started on : September 10, 2022 12:01:38 
[2022-09-10 12:04:31 : INFO] - There were no WebP conversion tools found on your server. 
[2022-09-10 12:04:31 : INFO] - 100 
[2022-09-10 12:04:35 : INFO] - Backing up the original image - 2022/09/d3538475088855.5c4c0c19b7563-updraft-pre-smush-original.jpg 
[2022-09-10 12:04:36 : INFO] - Successfully optimized the image - C:\xampp\htdocs\portfoliossingh/wp-content/uploads/2022/09/d3538475088855.5c4c0c19b7563.jpg.The file was compressed from 255.78 KB to 252.94 KB saving 1.11 percent using WP-Optimize 
[2022-09-10 12:04:37 : INFO] - Completed processing task with ID : 24, and type 'smush' 
[2022-09-10 12:04:37 : INFO] - Processing task with ID : 25, and type 'smush' 
[2022-09-10 12:04:37 : INFO] - Re_Smush_It_Task - Attachment ID : 317, Started on : September 10, 2022 12:01:40 
[2022-09-10 12:04:37 : INFO] - There were no WebP conversion tools found on your server. 
[2022-09-10 12:04:37 : INFO] - 100 
[2022-09-10 12:04:40 : INFO] - Backing up the original image - 2022/09/17890062709317187-updraft-pre-smush-original.jpg 
[2022-09-10 12:04:41 : INFO] - Successfully optimized the image - C:\xampp\htdocs\portfoliossingh/wp-content/uploads/2022/09/17890062709317187.jpg.The file was compressed from 81.78 KB to 72.89 KB saving 10.87 percent using WP-Optimize 
[2022-09-10 12:04:42 : INFO] - Completed processing task with ID : 25, and type 'smush' 
[2022-09-10 12:04:42 : INFO] - Processing task with ID : 26, and type 'smush' 
[2022-09-10 12:04:42 : INFO] - Re_Smush_It_Task - Attachment ID : 318, Started on : September 10, 2022 12:01:41 
[2022-09-10 12:04:42 : INFO] - There were no WebP conversion tools found on your server. 
[2022-09-10 12:04:42 : INFO] - 100 
[2022-09-10 12:04:44 : INFO] - Task with ID 26 and type (smush) failed with error code 402 - Cannot copy from uploaded file 
[2022-09-10 12:04:45 : INFO] - Processing task with ID : 27, and type 'smush' 
[2022-09-10 12:04:46 : INFO] - Re_Smush_It_Task - Attachment ID : 319, Started on : September 10, 2022 12:01:43 
[2022-09-10 12:04:46 : INFO] - There were no WebP conversion tools found on your server. 
[2022-09-10 12:04:46 : INFO] - 100 
[2022-09-10 12:04:48 : INFO] - Backing up the original image - 2022/09/18028393447144682-updraft-pre-smush-original.jpg 
[2022-09-10 12:04:49 : INFO] - Successfully optimized the image - C:\xampp\htdocs\portfoliossingh/wp-content/uploads/2022/09/18028393447144682.jpg.The file was compressed from 74.07 KB to 64.90 KB saving 12.38 percent using WP-Optimize 
[2022-09-10 12:04:49 : INFO] - Completed processing task with ID : 27, and type 'smush' 
[2022-09-10 12:04:49 : INFO] - Processing task with ID : 28, and type 'smush' 
[2022-09-10 12:04:49 : INFO] - Re_Smush_It_Task - Attachment ID : 320, Started on : September 10, 2022 12:01:43 
[2022-09-10 12:04:49 : INFO] - There were no WebP conversion tools found on your server. 
[2022-09-10 12:04:49 : INFO] - 100 
[2022-09-10 12:04:52 : INFO] - Backing up the original image - 2022/09/18031089454192948-updraft-pre-smush-original.jpg 
[2022-09-10 12:04:52 : INFO] - Successfully optimized the image - C:\xampp\htdocs\portfoliossingh/wp-content/uploads/2022/09/18031089454192948.jpg.The file was compressed from 77.75 KB to 70.98 KB saving 8.7 percent using WP-Optimize 
[2022-09-10 12:04:52 : INFO] - Completed processing task with ID : 28, and type 'smush' 
[2022-09-10 12:04:53 : INFO] - Processing task with ID : 29, and type 'smush' 
[2022-09-10 12:04:53 : INFO] - Re_Smush_It_Task - Attachment ID : 321, Started on : September 10, 2022 12:01:44 
[2022-09-10 12:04:53 : INFO] - There were no WebP conversion tools found on your server. 
[2022-09-10 12:04:53 : INFO] - 100 
[2022-09-10 12:04:55 : INFO] - Backing up the original image - 2022/09/18031119895186263-updraft-pre-smush-original.jpg 
[2022-09-10 12:04:56 : INFO] - Successfully optimized the image - C:\xampp\htdocs\portfoliossingh/wp-content/uploads/2022/09/18031119895186263.jpg.The file was compressed from 46.88 KB to 37.38 KB saving 20.26 percent using WP-Optimize 
[2022-09-10 12:04:56 : INFO] - Completed processing task with ID : 29, and type 'smush' 
[2022-09-10 12:04:56 : INFO] - Processing task with ID : 30, and type 'smush' 
[2022-09-10 12:04:56 : INFO] - Re_Smush_It_Task - Attachment ID : 322, Started on : September 10, 2022 12:01:45 
[2022-09-10 12:04:56 : INFO] - There were no WebP conversion tools found on your server. 
[2022-09-10 12:04:57 : INFO] - 100 
[2022-09-10 12:04:59 : INFO] - Backing up the original image - 2022/09/18034657018082184-updraft-pre-smush-original.jpg 
[2022-09-10 12:05:00 : INFO] - Successfully optimized the image - C:\xampp\htdocs\portfoliossingh/wp-content/uploads/2022/09/18034657018082184.jpg.The file was compressed from 72.05 KB to 64.03 KB saving 11.13 percent using WP-Optimize 
[2022-09-10 12:05:00 : INFO] - Completed processing task with ID : 30, and type 'smush' 
[2022-09-10 12:05:00 : INFO] - Processing task with ID : 31, and type 'smush' 
[2022-09-10 12:05:01 : INFO] - Re_Smush_It_Task - Attachment ID : 323, Started on : September 10, 2022 12:01:47 
[2022-09-10 12:05:01 : INFO] - There were no WebP conversion tools found on your server. 
[2022-09-10 12:05:01 : INFO] - 100 
[2022-09-10 12:05:03 : INFO] - Backing up the original image - 2022/09/18059544652045772-updraft-pre-smush-original.jpg 
[2022-09-10 12:05:03 : INFO] - Successfully optimized the image - C:\xampp\htdocs\portfoliossingh/wp-content/uploads/2022/09/18059544652045772.jpg.The file was compressed from 70.37 KB to 60.97 KB saving 13.36 percent using WP-Optimize 
[2022-09-10 12:05:03 : INFO] - Completed processing task with ID : 31, and type 'smush' 
[2022-09-10 12:05:04 : INFO] - Processing task with ID : 32, and type 'smush' 
[2022-09-10 12:05:04 : INFO] - Re_Smush_It_Task - Attachment ID : 359, Started on : September 10, 2022 12:01:52 
[2022-09-10 12:05:04 : INFO] - There were no WebP conversion tools found on your server. 
[2022-09-10 12:05:04 : INFO] - 100 
[2022-09-10 12:05:08 : INFO] - Backing up the original image - 2022/09/1-2-updraft-pre-smush-original.jpg 
[2022-09-10 12:05:09 : INFO] - Successfully optimized the image - C:\xampp\htdocs\portfoliossingh/wp-content/uploads/2022/09/1-2.jpg.The file was compressed from 234.83 KB to 234.83 KB saving 0 percent using WP-Optimize 
[2022-09-10 12:05:10 : INFO] - Completed processing task with ID : 32, and type 'smush' 
[2022-09-10 12:05:10 : INFO] - Processing task with ID : 33, and type 'smush' 
[2022-09-10 12:05:10 : INFO] - Re_Smush_It_Task - Attachment ID : 360, Started on : September 10, 2022 12:01:53 
[2022-09-10 12:05:10 : INFO] - There were no WebP conversion tools found on your server. 
[2022-09-10 12:05:10 : INFO] - 100 
[2022-09-10 12:05:12 : INFO] - 
 
[2022-09-10 12:05:12 : INFO] - Header for logs at time:  Sat, 10 Sep 2022 12:05:12 +0000 on http://localhost/portfoliossingh 
[2022-09-10 12:05:12 : INFO] - WP: 6.0.2 
[2022-09-10 12:05:12 : INFO] - PHP: 8.1.6 (apache2handler, Windows NT ROBIN 10.0 build 18363 (Windows 10) AMD64) 
[2022-09-10 12:05:12 : INFO] - MySQL: 10.4.24 
[2022-09-10 12:05:12 : INFO] - WPLANG: en_GB 
[2022-09-10 12:05:12 : INFO] - Server: Apache/2.4.53 (Win64) OpenSSL/1.1.1n PHP/8.1.6 
[2022-09-10 12:05:12 : INFO] - Outbound connections: N 
[2022-09-10 12:05:12 : INFO] - safe_mode: 0 
[2022-09-10 12:05:12 : INFO] - max_execution_time: 600 
[2022-09-10 12:05:12 : INFO] - memory_limit: 512M (used: 76.5M | 78M) 
[2022-09-10 12:05:12 : INFO] - multisite: N 
[2022-09-10 12:05:12 : INFO] - openssl: OpenSSL 1.1.1n  15 Mar 2022 
[2022-09-10 12:05:12 : INFO] - A total of 34 tasks of type smush found and will be processed in this iteration 
[2022-09-10 12:05:12 : DEBUG] - Lock option (updraft_lock_smush, wp_options) already existed in the database 
[2022-09-10 12:05:12 : INFO] - Lock (updraft_lock_smush, wp_options) could not be acquired (it is locked) 
[2022-09-10 12:05:12 : INFO] - Failed to gain semaphore lock (smush) - another process is already processing the queue - aborting (if this is wrong - i.e. if the other process crashed without removing the lock, then another can be started after 1 minute 
[2022-09-10 12:05:15 : INFO] - Backing up the original image - 2022/09/2-2-updraft-pre-smush-original.jpg 
[2022-09-10 12:05:15 : INFO] - Successfully optimized the image - C:\xampp\htdocs\portfoliossingh/wp-content/uploads/2022/09/2-2.jpg.The file was compressed from 155.43 KB to 155.43 KB saving 0 percent using WP-Optimize 
[2022-09-10 12:05:15 : INFO] - Completed processing task with ID : 33, and type 'smush' 
[2022-09-10 12:05:16 : INFO] - Processing task with ID : 34, and type 'smush' 
[2022-09-10 12:05:16 : INFO] - Re_Smush_It_Task - Attachment ID : 361, Started on : September 10, 2022 12:01:55 
[2022-09-10 12:05:16 : INFO] - There were no WebP conversion tools found on your server. 
[2022-09-10 12:05:16 : INFO] - 100 
[2022-09-10 12:05:24 : INFO] - Backing up the original image - 2022/09/3-2-updraft-pre-smush-original.jpg 
[2022-09-10 12:05:24 : INFO] - Successfully optimized the image - C:\xampp\htdocs\portfoliossingh/wp-content/uploads/2022/09/3-2.jpg.The file was compressed from 391.61 KB to 391.61 KB saving 0 percent using WP-Optimize 
[2022-09-10 12:05:25 : INFO] - Completed processing task with ID : 34, and type 'smush' 
[2022-09-10 12:05:25 : INFO] - Processing task with ID : 35, and type 'smush' 
[2022-09-10 12:05:26 : INFO] - Re_Smush_It_Task - Attachment ID : 362, Started on : September 10, 2022 12:01:58 
[2022-09-10 12:05:26 : INFO] - There were no WebP conversion tools found on your server. 
[2022-09-10 12:05:26 : INFO] - 100 
[2022-09-10 12:05:28 : INFO] - Task with ID 35 and type (smush) failed with error code 402 - Cannot copy from uploaded file 
[2022-09-10 12:05:28 : INFO] - Processing task with ID : 36, and type 'smush' 
[2022-09-10 12:05:29 : INFO] - Re_Smush_It_Task - Attachment ID : 363, Started on : September 10, 2022 12:02:00 
[2022-09-10 12:05:29 : INFO] - There were no WebP conversion tools found on your server. 
[2022-09-10 12:05:29 : INFO] - 100 
[2022-09-10 12:05:35 : INFO] - Backing up the original image - 2022/09/5-2-updraft-pre-smush-original.jpg 
[2022-09-10 12:05:36 : INFO] - Successfully optimized the image - C:\xampp\htdocs\portfoliossingh/wp-content/uploads/2022/09/5-2.jpg.The file was compressed from 291.64 KB to 291.64 KB saving 0 percent using WP-Optimize 
[2022-09-10 12:05:37 : INFO] - Completed processing task with ID : 36, and type 'smush' 
[2022-09-10 12:05:37 : INFO] - Processing task with ID : 37, and type 'smush' 
[2022-09-10 12:05:37 : INFO] - Re_Smush_It_Task - Attachment ID : 364, Started on : September 10, 2022 12:02:02 
[2022-09-10 12:05:37 : INFO] - There were no WebP conversion tools found on your server. 
[2022-09-10 12:05:37 : INFO] - 100 
[2022-09-10 12:05:42 : INFO] - Backing up the original image - 2022/09/6-2-updraft-pre-smush-original.jpg 
[2022-09-10 12:05:43 : INFO] - Successfully optimized the image - C:\xampp\htdocs\portfoliossingh/wp-content/uploads/2022/09/6-2.jpg.The file was compressed from 162.90 KB to 162.90 KB saving 0 percent using WP-Optimize 
[2022-09-10 12:05:43 : INFO] - Completed processing task with ID : 37, and type 'smush' 
[2022-09-10 12:05:44 : INFO] - Processing task with ID : 38, and type 'smush' 
[2022-09-10 12:05:44 : INFO] - Re_Smush_It_Task - Attachment ID : 396, Started on : September 10, 2022 12:02:04 
[2022-09-10 12:05:44 : INFO] - There were no WebP conversion tools found on your server. 
[2022-09-10 12:05:45 : INFO] - 100 
[2022-09-10 12:05:47 : INFO] - Backing up the original image - 2022/09/IMG_0961-1-1-1-1-updraft-pre-smush-original.jpg 
[2022-09-10 12:05:48 : INFO] - Successfully optimized the image - C:\xampp\htdocs\portfoliossingh/wp-content/uploads/2022/09/IMG_0961-1-1-1-1.jpg.The file was compressed from 71.79 KB to 68.88 KB saving 4.06 percent using WP-Optimize 
[2022-09-10 12:05:48 : INFO] - Completed processing task with ID : 38, and type 'smush' 
[2022-09-10 12:05:48 : INFO] - Processing task with ID : 39, and type 'smush' 
[2022-09-10 12:05:49 : INFO] - Re_Smush_It_Task - Attachment ID : 415, Started on : September 10, 2022 12:02:06 
[2022-09-10 12:05:49 : INFO] - There were no WebP conversion tools found on your server. 
[2022-09-10 12:05:49 : INFO] - 100 
[2022-09-10 12:05:54 : INFO] - Backing up the original image - 2022/09/Artboard-3-min-updraft-pre-smush-original.jpg 
[2022-09-10 12:05:54 : INFO] - Successfully optimized the image - C:\xampp\htdocs\portfoliossingh/wp-content/uploads/2022/09/Artboard-3-min.jpg.The file was compressed from 303.84 KB to 303.84 KB saving 0 percent using WP-Optimize 
[2022-09-10 12:05:55 : INFO] - Completed processing task with ID : 39, and type 'smush' 
[2022-09-10 12:05:55 : INFO] - Processing task with ID : 40, and type 'smush' 
[2022-09-10 12:05:55 : INFO] - Re_Smush_It_Task - Attachment ID : 416, Started on : September 10, 2022 12:02:09 
[2022-09-10 12:05:55 : INFO] - There were no WebP conversion tools found on your server. 
[2022-09-10 12:05:55 : INFO] - 100 
[2022-09-10 12:05:59 : INFO] - Backing up the original image - 2022/09/Artboard-4-min-updraft-pre-smush-original.jpg 
[2022-09-10 12:06:00 : INFO] - Successfully optimized the image - C:\xampp\htdocs\portfoliossingh/wp-content/uploads/2022/09/Artboard-4-min.jpg.The file was compressed from 218.49 KB to 218.49 KB saving 0 percent using WP-Optimize 
[2022-09-10 12:06:00 : INFO] - Completed processing task with ID : 40, and type 'smush' 
[2022-09-10 12:06:00 : INFO] - Processing task with ID : 41, and type 'smush' 
[2022-09-10 12:06:00 : INFO] - Re_Smush_It_Task - Attachment ID : 564, Started on : September 10, 2022 12:02:11 
[2022-09-10 12:06:00 : INFO] - There were no WebP conversion tools found on your server. 
[2022-09-10 12:06:00 : INFO] - 100 
[2022-09-10 12:06:11 : INFO] - 
 
[2022-09-10 12:06:11 : INFO] - Header for logs at time:  Sat, 10 Sep 2022 12:06:11 +0000 on http://localhost/portfoliossingh 
[2022-09-10 12:06:11 : INFO] - WP: 6.0.2 
[2022-09-10 12:06:11 : INFO] - PHP: 8.1.6 (apache2handler, Windows NT ROBIN 10.0 build 18363 (Windows 10) AMD64) 
[2022-09-10 12:06:11 : INFO] - MySQL: 10.4.24 
[2022-09-10 12:06:11 : INFO] - WPLANG: en_GB 
[2022-09-10 12:06:11 : INFO] - Server: Apache/2.4.53 (Win64) OpenSSL/1.1.1n PHP/8.1.6 
[2022-09-10 12:06:11 : INFO] - Outbound connections: N 
[2022-09-10 12:06:11 : INFO] - safe_mode: 0 
[2022-09-10 12:06:11 : INFO] - max_execution_time: 600 
[2022-09-10 12:06:11 : INFO] - memory_limit: 512M (used: 76.4M | 78M) 
[2022-09-10 12:06:11 : INFO] - multisite: N 
[2022-09-10 12:06:11 : INFO] - openssl: OpenSSL 1.1.1n  15 Mar 2022 
[2022-09-10 12:06:11 : INFO] - A total of 26 tasks of type smush found and will be processed in this iteration 
[2022-09-10 12:06:11 : DEBUG] - Lock option (updraft_lock_smush, wp_options) already existed in the database 
[2022-09-10 12:06:11 : INFO] - Lock (updraft_lock_smush, wp_options) could not be acquired (it is locked) 
[2022-09-10 12:06:11 : INFO] - Failed to gain semaphore lock (smush) - another process is already processing the queue - aborting (if this is wrong - i.e. if the other process crashed without removing the lock, then another can be started after 1 minute 
[2022-09-10 12:06:21 : INFO] - Backing up the original image - 2022/09/telstra-project-min-updraft-pre-smush-original.jpg 
[2022-09-10 12:06:22 : INFO] - Successfully optimized the image - C:\xampp\htdocs\portfoliossingh/wp-content/uploads/2022/09/telstra-project-min.jpg.The file was compressed from 2.01 MB to 2.01 MB saving 0 percent using WP-Optimize 
[2022-09-10 12:06:22 : INFO] - Completed processing task with ID : 41, and type 'smush' 
[2022-09-10 12:06:22 : INFO] - Lock option (updraft_lock_smush, wp_options) released 
[2022-09-10 12:06:22 : INFO] - Successfully processed the queue (smush). 41 tasks were processed out of 41. 
[2022-09-10 12:06:22 : INFO] - Lock option (updraft_lock_smush, wp_options) was deleted from the database 
[2022-09-10 12:07:11 : INFO] - 
 
[2022-09-10 12:07:11 : INFO] - Header for logs at time:  Sat, 10 Sep 2022 12:07:11 +0000 on http://localhost/portfoliossingh 
[2022-09-10 12:07:11 : INFO] - WP: 6.0.2 
[2022-09-10 12:07:11 : INFO] - PHP: 8.1.6 (apache2handler, Windows NT ROBIN 10.0 build 18363 (Windows 10) AMD64) 
[2022-09-10 12:07:11 : INFO] - MySQL: 10.4.24 
[2022-09-10 12:07:11 : INFO] - WPLANG: en_GB 
[2022-09-10 12:07:11 : INFO] - Server: Apache/2.4.53 (Win64) OpenSSL/1.1.1n PHP/8.1.6 
[2022-09-10 12:07:11 : INFO] - Outbound connections: N 
[2022-09-10 12:07:11 : INFO] - safe_mode: 0 
[2022-09-10 12:07:11 : INFO] - max_execution_time: 600 
[2022-09-10 12:07:11 : INFO] - memory_limit: 512M (used: 76.4M | 78M) 
[2022-09-10 12:07:11 : INFO] - multisite: N 
[2022-09-10 12:07:11 : INFO] - openssl: OpenSSL 1.1.1n  15 Mar 2022 
[2022-09-10 12:07:11 : INFO] - A total of 25 tasks of type smush found and will be processed in this iteration 
[2022-09-10 12:07:12 : DEBUG] - Lock option (updraft_lock_smush, wp_options) was created in the database 
[2022-09-10 12:07:12 : INFO] - Lock (updraft_lock_smush, wp_options) acquired after initialising the database 
[2022-09-10 12:07:12 : INFO] - Processing task with ID : 42, and type 'smush' 
[2022-09-10 12:07:12 : INFO] - Re_Smush_It_Task - Attachment ID : 673, Started on : September 10, 2022 12:02:15 
[2022-09-10 12:07:12 : INFO] - There were no WebP conversion tools found on your server. 
[2022-09-10 12:07:12 : INFO] - 100 
[2022-09-10 12:07:15 : INFO] - Backing up the original image - 2022/09/1-min-updraft-pre-smush-original.jpg 
[2022-09-10 12:07:15 : INFO] - Successfully optimized the image - C:\xampp\htdocs\portfoliossingh/wp-content/uploads/2022/09/1-min.jpg.The file was compressed from 146.21 KB to 146.21 KB saving 0 percent using WP-Optimize 
[2022-09-10 12:07:15 : INFO] - Completed processing task with ID : 42, and type 'smush' 
[2022-09-10 12:07:16 : INFO] - Processing task with ID : 43, and type 'smush' 
[2022-09-10 12:07:16 : INFO] - Re_Smush_It_Task - Attachment ID : 674, Started on : September 10, 2022 12:02:18 
[2022-09-10 12:07:16 : INFO] - There were no WebP conversion tools found on your server. 
[2022-09-10 12:07:16 : INFO] - 100 
[2022-09-10 12:07:28 : INFO] - Backing up the original image - 2022/09/2-min-updraft-pre-smush-original.jpg 
[2022-09-10 12:07:28 : INFO] - Successfully optimized the image - C:\xampp\htdocs\portfoliossingh/wp-content/uploads/2022/09/2-min.jpg.The file was compressed from 1.05 MB to 1.05 MB saving 0 percent using WP-Optimize 
[2022-09-10 12:07:29 : INFO] - Completed processing task with ID : 43, and type 'smush' 
[2022-09-10 12:07:29 : INFO] - Processing task with ID : 44, and type 'smush' 
[2022-09-10 12:07:29 : INFO] - Re_Smush_It_Task - Attachment ID : 675, Started on : September 10, 2022 12:02:20 
[2022-09-10 12:07:29 : INFO] - There were no WebP conversion tools found on your server. 
[2022-09-10 12:07:29 : INFO] - 100 
[2022-09-10 12:07:41 : INFO] - Backing up the original image - 2022/09/3-min-updraft-pre-smush-original.jpg 
[2022-09-10 12:07:41 : INFO] - Successfully optimized the image - C:\xampp\htdocs\portfoliossingh/wp-content/uploads/2022/09/3-min.jpg.The file was compressed from 1.07 MB to 1.07 MB saving 0 percent using WP-Optimize 
[2022-09-10 12:07:42 : INFO] - Completed processing task with ID : 44, and type 'smush' 
[2022-09-10 12:07:42 : INFO] - Processing task with ID : 45, and type 'smush' 
[2022-09-10 12:07:42 : INFO] - Re_Smush_It_Task - Attachment ID : 687, Started on : September 10, 2022 12:02:23 
[2022-09-10 12:07:42 : INFO] - There were no WebP conversion tools found on your server. 
[2022-09-10 12:07:42 : INFO] - 100 
[2022-09-10 12:07:48 : INFO] - Backing up the original image - 2022/09/acb99b91149349.5e29fed22da6f-min-updraft-pre-smush-original.jpg 
[2022-09-10 12:07:48 : INFO] - Successfully optimized the image - C:\xampp\htdocs\portfoliossingh/wp-content/uploads/2022/09/acb99b91149349.5e29fed22da6f-min.jpg.The file was compressed from 347.24 KB to 347.24 KB saving 0 percent using WP-Optimize 
[2022-09-10 12:07:48 : INFO] - Completed processing task with ID : 45, and type 'smush' 
[2022-09-10 12:07:48 : INFO] - Processing task with ID : 46, and type 'smush' 
[2022-09-10 12:07:48 : INFO] - Re_Smush_It_Task - Attachment ID : 688, Started on : September 10, 2022 12:02:26 
[2022-09-10 12:07:48 : INFO] - There were no WebP conversion tools found on your server. 
[2022-09-10 12:07:48 : INFO] - 100 
[2022-09-10 12:07:50 : INFO] - Backing up the original image - 2022/09/2-min-1-updraft-pre-smush-original.jpg 
[2022-09-10 12:07:50 : INFO] - Successfully optimized the image - C:\xampp\htdocs\portfoliossingh/wp-content/uploads/2022/09/2-min-1.jpg.The file was compressed from 37.87 KB to 37.87 KB saving 0 percent using WP-Optimize 
[2022-09-10 12:07:50 : INFO] - Completed processing task with ID : 46, and type 'smush' 
[2022-09-10 12:07:50 : INFO] - Processing task with ID : 47, and type 'smush' 
[2022-09-10 12:07:50 : INFO] - Re_Smush_It_Task - Attachment ID : 689, Started on : September 10, 2022 12:02:29 
[2022-09-10 12:07:50 : INFO] - There were no WebP conversion tools found on your server. 
[2022-09-10 12:07:50 : INFO] - 100 
[2022-09-10 12:07:53 : INFO] - Backing up the original image - 2022/09/3-min-1-updraft-pre-smush-original.jpg 
[2022-09-10 12:07:53 : INFO] - Successfully optimized the image - C:\xampp\htdocs\portfoliossingh/wp-content/uploads/2022/09/3-min-1.jpg.The file was compressed from 87.73 KB to 87.73 KB saving 0 percent using WP-Optimize 
[2022-09-10 12:07:53 : INFO] - Completed processing task with ID : 47, and type 'smush' 
[2022-09-10 12:07:54 : INFO] - Processing task with ID : 48, and type 'smush' 
[2022-09-10 12:07:54 : INFO] - Re_Smush_It_Task - Attachment ID : 690, Started on : September 10, 2022 12:02:33 
[2022-09-10 12:07:54 : INFO] - There were no WebP conversion tools found on your server. 
[2022-09-10 12:07:54 : INFO] - 100 
[2022-09-10 12:07:59 : INFO] - Backing up the original image - 2022/09/4-min-updraft-pre-smush-original.jpg 
[2022-09-10 12:07:59 : INFO] - Successfully optimized the image - C:\xampp\htdocs\portfoliossingh/wp-content/uploads/2022/09/4-min.jpg.The file was compressed from 348.32 KB to 348.32 KB saving 0 percent using WP-Optimize 
[2022-09-10 12:08:00 : INFO] - Completed processing task with ID : 48, and type 'smush' 
[2022-09-10 12:08:00 : INFO] - Processing task with ID : 49, and type 'smush' 
[2022-09-10 12:08:00 : INFO] - Re_Smush_It_Task - Attachment ID : 691, Started on : September 10, 2022 12:02:37 
[2022-09-10 12:08:00 : INFO] - There were no WebP conversion tools found on your server. 
[2022-09-10 12:08:00 : INFO] - 100 
[2022-09-10 12:08:11 : INFO] - 
 
[2022-09-10 12:08:11 : INFO] - Header for logs at time:  Sat, 10 Sep 2022 12:08:11 +0000 on http://localhost/portfoliossingh 
[2022-09-10 12:08:11 : INFO] - WP: 6.0.2 
[2022-09-10 12:08:11 : INFO] - PHP: 8.1.6 (apache2handler, Windows NT ROBIN 10.0 build 18363 (Windows 10) AMD64) 
[2022-09-10 12:08:11 : INFO] - MySQL: 10.4.24 
[2022-09-10 12:08:11 : INFO] - WPLANG: en_GB 
[2022-09-10 12:08:11 : INFO] - Server: Apache/2.4.53 (Win64) OpenSSL/1.1.1n PHP/8.1.6 
[2022-09-10 12:08:11 : INFO] - Outbound connections: N 
[2022-09-10 12:08:11 : INFO] - safe_mode: 0 
[2022-09-10 12:08:11 : INFO] - max_execution_time: 600 
[2022-09-10 12:08:11 : INFO] - memory_limit: 512M (used: 76.4M | 78M) 
[2022-09-10 12:08:11 : INFO] - multisite: N 
[2022-09-10 12:08:11 : INFO] - openssl: OpenSSL 1.1.1n  15 Mar 2022 
[2022-09-10 12:08:11 : INFO] - A total of 18 tasks of type smush found and will be processed in this iteration 
[2022-09-10 12:08:11 : DEBUG] - Lock option (updraft_lock_smush, wp_options) already existed in the database 
[2022-09-10 12:08:11 : INFO] - Lock (updraft_lock_smush, wp_options) could not be acquired (it is locked) 
[2022-09-10 12:08:11 : INFO] - Failed to gain semaphore lock (smush) - another process is already processing the queue - aborting (if this is wrong - i.e. if the other process crashed without removing the lock, then another can be started after 1 minute 
[2022-09-10 12:08:15 : INFO] - Backing up the original image - 2022/09/5-min-updraft-pre-smush-original.jpg 
[2022-09-10 12:08:16 : INFO] - Successfully optimized the image - C:\xampp\htdocs\portfoliossingh/wp-content/uploads/2022/09/5-min.jpg.The file was compressed from 961.28 KB to 961.28 KB saving 0 percent using WP-Optimize 
[2022-09-10 12:08:16 : INFO] - Completed processing task with ID : 49, and type 'smush' 
[2022-09-10 12:08:16 : INFO] - Processing task with ID : 50, and type 'smush' 
[2022-09-10 12:08:16 : INFO] - Re_Smush_It_Task - Attachment ID : 692, Started on : September 10, 2022 12:02:40 
[2022-09-10 12:08:16 : INFO] - There were no WebP conversion tools found on your server. 
[2022-09-10 12:08:16 : INFO] - 100 
[2022-09-10 12:08:22 : INFO] - Backing up the original image - 2022/09/6-updraft-pre-smush-original.jpg 
[2022-09-10 12:08:22 : INFO] - Successfully optimized the image - C:\xampp\htdocs\portfoliossingh/wp-content/uploads/2022/09/6.jpg.The file was compressed from 508.58 KB to 500.38 KB saving 1.61 percent using WP-Optimize 
[2022-09-10 12:08:23 : INFO] - Completed processing task with ID : 50, and type 'smush' 
[2022-09-10 12:08:23 : INFO] - Processing task with ID : 51, and type 'smush' 
[2022-09-10 12:08:23 : INFO] - Re_Smush_It_Task - Attachment ID : 701, Started on : September 10, 2022 12:02:43 
[2022-09-10 12:08:23 : INFO] - There were no WebP conversion tools found on your server. 
[2022-09-10 12:08:23 : INFO] - 100 
[2022-09-10 12:08:54 : INFO] - Backing up the original image - 2022/09/3fca2858623371.6271743593fd7-min-updraft-pre-smush-original.jpg 
[2022-09-10 12:08:54 : INFO] - Successfully optimized the image - C:\xampp\htdocs\portfoliossingh/wp-content/uploads/2022/09/3fca2858623371.6271743593fd7-min.jpg.The file was compressed from 2.22 MB to 2.22 MB saving 0 percent using WP-Optimize 
[2022-09-10 12:08:54 : INFO] - Completed processing task with ID : 51, and type 'smush' 
[2022-09-10 12:08:54 : INFO] - Processing task with ID : 52, and type 'smush' 
[2022-09-10 12:08:54 : INFO] - Re_Smush_It_Task - Attachment ID : 713, Started on : September 10, 2022 12:02:46 
[2022-09-10 12:08:54 : INFO] - There were no WebP conversion tools found on your server. 
[2022-09-10 12:08:54 : INFO] - 100 
[2022-09-10 12:09:11 : INFO] - 
 
[2022-09-10 12:09:11 : INFO] - Header for logs at time:  Sat, 10 Sep 2022 12:09:11 +0000 on http://localhost/portfoliossingh 
[2022-09-10 12:09:11 : INFO] - WP: 6.0.2 
[2022-09-10 12:09:11 : INFO] - PHP: 8.1.6 (apache2handler, Windows NT ROBIN 10.0 build 18363 (Windows 10) AMD64) 
[2022-09-10 12:09:11 : INFO] - MySQL: 10.4.24 
[2022-09-10 12:09:11 : INFO] - WPLANG: en_GB 
[2022-09-10 12:09:11 : INFO] - Server: Apache/2.4.53 (Win64) OpenSSL/1.1.1n PHP/8.1.6 
[2022-09-10 12:09:11 : INFO] - Outbound connections: N 
[2022-09-10 12:09:11 : INFO] - safe_mode: 0 
[2022-09-10 12:09:11 : INFO] - max_execution_time: 600 
[2022-09-10 12:09:11 : INFO] - memory_limit: 512M (used: 76.4M | 78M) 
[2022-09-10 12:09:11 : INFO] - multisite: N 
[2022-09-10 12:09:11 : INFO] - openssl: OpenSSL 1.1.1n  15 Mar 2022 
[2022-09-10 12:09:11 : INFO] - A total of 15 tasks of type smush found and will be processed in this iteration 
[2022-09-10 12:09:11 : DEBUG] - Lock option (updraft_lock_smush, wp_options) already existed in the database 
[2022-09-10 12:09:11 : INFO] - Lock (updraft_lock_smush, wp_options) could not be acquired (it is locked) 
[2022-09-10 12:09:11 : INFO] - Failed to gain semaphore lock (smush) - another process is already processing the queue - aborting (if this is wrong - i.e. if the other process crashed without removing the lock, then another can be started after 1 minute 
[2022-09-10 12:09:13 : INFO] - Backing up the original image - 2022/09/1-min-1-updraft-pre-smush-original.jpg 
[2022-09-10 12:09:14 : INFO] - Successfully optimized the image - C:\xampp\htdocs\portfoliossingh/wp-content/uploads/2022/09/1-min-1.jpg.The file was compressed from 1.78 MB to 1.78 MB saving 0 percent using WP-Optimize 
[2022-09-10 12:09:14 : INFO] - Completed processing task with ID : 52, and type 'smush' 
[2022-09-10 12:09:14 : INFO] - Processing task with ID : 53, and type 'smush' 
[2022-09-10 12:09:15 : INFO] - Task with ID 53 and type (smush) failed with error code exceeded_max_filesize - C:\xampp\htdocs\portfoliossingh/wp-content/uploads/2022/09/1.jpg - cannot be optimized, file size is above service provider limit 
[2022-09-10 12:09:15 : INFO] - Processing task with ID : 54, and type 'smush' 
[2022-09-10 12:09:16 : INFO] - Re_Smush_It_Task - Attachment ID : 724, Started on : September 10, 2022 12:02:51 
[2022-09-10 12:09:16 : INFO] - There were no WebP conversion tools found on your server. 
[2022-09-10 12:09:16 : INFO] - 100 
[2022-09-10 12:09:19 : INFO] - Backing up the original image - 2022/09/1-min-2-updraft-pre-smush-original.jpg 
[2022-09-10 12:09:19 : INFO] - Successfully optimized the image - C:\xampp\htdocs\portfoliossingh/wp-content/uploads/2022/09/1-min-2.jpg.The file was compressed from 182.56 KB to 182.56 KB saving 0 percent using WP-Optimize 
[2022-09-10 12:09:19 : INFO] - Completed processing task with ID : 54, and type 'smush' 
[2022-09-10 12:09:19 : INFO] - Processing task with ID : 55, and type 'smush' 
[2022-09-10 12:09:20 : INFO] - Re_Smush_It_Task - Attachment ID : 725, Started on : September 10, 2022 12:02:56 
[2022-09-10 12:09:20 : INFO] - There were no WebP conversion tools found on your server. 
[2022-09-10 12:09:20 : INFO] - 100 
[2022-09-10 12:09:37 : INFO] - Backing up the original image - 2022/09/3-min-2-updraft-pre-smush-original.jpg 
[2022-09-10 12:09:37 : INFO] - Successfully optimized the image - C:\xampp\htdocs\portfoliossingh/wp-content/uploads/2022/09/3-min-2.jpg.The file was compressed from 1.58 MB to 1.58 MB saving 0 percent using WP-Optimize 
[2022-09-10 12:09:38 : INFO] - Completed processing task with ID : 55, and type 'smush' 
[2022-09-10 12:09:38 : INFO] - Processing task with ID : 56, and type 'smush' 
[2022-09-10 12:09:39 : INFO] - Re_Smush_It_Task - Attachment ID : 726, Started on : September 10, 2022 12:02:59 
[2022-09-10 12:09:39 : INFO] - There were no WebP conversion tools found on your server. 
[2022-09-10 12:09:39 : INFO] - 100 
[2022-09-10 12:09:42 : INFO] - Task with ID 56 and type (smush) failed with error code 402 - Cannot copy from uploaded file 
[2022-09-10 12:09:43 : INFO] - Processing task with ID : 57, and type 'smush' 
[2022-09-10 12:09:44 : INFO] - Re_Smush_It_Task - Attachment ID : 727, Started on : September 10, 2022 12:03:04 
[2022-09-10 12:09:44 : INFO] - There were no WebP conversion tools found on your server. 
[2022-09-10 12:09:44 : INFO] - 100 
[2022-09-10 12:09:47 : INFO] - Backing up the original image - 2022/09/5-min-1-updraft-pre-smush-original.jpg 
[2022-09-10 12:09:48 : INFO] - Successfully optimized the image - C:\xampp\htdocs\portfoliossingh/wp-content/uploads/2022/09/5-min-1.jpg.The file was compressed from 129.42 KB to 129.42 KB saving 0 percent using WP-Optimize 
[2022-09-10 12:09:48 : INFO] - Completed processing task with ID : 57, and type 'smush' 
[2022-09-10 12:09:48 : INFO] - Processing task with ID : 58, and type 'smush' 
[2022-09-10 12:09:48 : INFO] - Re_Smush_It_Task - Attachment ID : 728, Started on : September 10, 2022 12:03:07 
[2022-09-10 12:09:48 : INFO] - There were no WebP conversion tools found on your server. 
[2022-09-10 12:09:48 : INFO] - 100 
[2022-09-10 12:10:06 : INFO] - Task with ID 58 and type (smush) failed with error code invalid_response - The compression apparently succeeded, but WP-Optimize could not retrieve the compressed image from the remote server. 
[2022-09-10 12:10:06 : INFO] - data: {"src":"http:\/\/par3.static.resmush.it\/354ea42e32a3cb676a336d94294c829b\/_src_6-min.jpg","dest":"http:\/\/par3.static.resmush.it\/354ea42e32a3cb676a336d94294c829b\/6-min.jpg","src_size":1138583,"dest_size":1138583,"percent":0,"output":"json","expires":"Sat, 10 Sep 2022 14:14:56 +0200","generator":"reSmush.it rev.3.0.4.20210124"} 
[2022-09-10 12:10:06 : INFO] - Processing task with ID : 59, and type 'smush' 
[2022-09-10 12:10:07 : INFO] - Re_Smush_It_Task - Attachment ID : 732, Started on : September 10, 2022 12:03:11 
[2022-09-10 12:10:07 : INFO] - There were no WebP conversion tools found on your server. 
[2022-09-10 12:10:07 : INFO] - 100 
[2022-09-10 12:10:11 : INFO] - 
 
[2022-09-10 12:10:11 : INFO] - Header for logs at time:  Sat, 10 Sep 2022 12:10:11 +0000 on http://localhost/portfoliossingh 
[2022-09-10 12:10:11 : INFO] - WP: 6.0.2 
[2022-09-10 12:10:11 : INFO] - PHP: 8.1.6 (apache2handler, Windows NT ROBIN 10.0 build 18363 (Windows 10) AMD64) 
[2022-09-10 12:10:11 : INFO] - MySQL: 10.4.24 
[2022-09-10 12:10:11 : INFO] - WPLANG: en_GB 
[2022-09-10 12:10:11 : INFO] - Server: Apache/2.4.53 (Win64) OpenSSL/1.1.1n PHP/8.1.6 
[2022-09-10 12:10:11 : INFO] - Outbound connections: N 
[2022-09-10 12:10:11 : INFO] - safe_mode: 0 
[2022-09-10 12:10:11 : INFO] - max_execution_time: 600 
[2022-09-10 12:10:11 : INFO] - memory_limit: 512M (used: 76.4M | 78M) 
[2022-09-10 12:10:11 : INFO] - multisite: N 
[2022-09-10 12:10:11 : INFO] - openssl: OpenSSL 1.1.1n  15 Mar 2022 
[2022-09-10 12:10:11 : INFO] - A total of 8 tasks of type smush found and will be processed in this iteration 
[2022-09-10 12:10:11 : DEBUG] - Lock option (updraft_lock_smush, wp_options) already existed in the database 
[2022-09-10 12:10:11 : INFO] - Lock (updraft_lock_smush, wp_options) could not be acquired (it is locked) 
[2022-09-10 12:10:11 : INFO] - Failed to gain semaphore lock (smush) - another process is already processing the queue - aborting (if this is wrong - i.e. if the other process crashed without removing the lock, then another can be started after 1 minute 
[2022-09-10 12:10:17 : INFO] - Backing up the original image - 2022/09/1-min-3-updraft-pre-smush-original.jpg 
[2022-09-10 12:10:18 : INFO] - Successfully optimized the image - C:\xampp\htdocs\portfoliossingh/wp-content/uploads/2022/09/1-min-3.jpg.The file was compressed from 651.02 KB to 651.02 KB saving 0 percent using WP-Optimize 
[2022-09-10 12:10:18 : INFO] - Completed processing task with ID : 59, and type 'smush' 
[2022-09-10 12:10:18 : INFO] - Processing task with ID : 60, and type 'smush' 
[2022-09-10 12:10:18 : INFO] - Re_Smush_It_Task - Attachment ID : 733, Started on : September 10, 2022 12:03:13 
[2022-09-10 12:10:18 : INFO] - There were no WebP conversion tools found on your server. 
[2022-09-10 12:10:18 : INFO] - 100 
[2022-09-10 12:10:27 : INFO] - Backing up the original image - 2022/09/2-min-2-updraft-pre-smush-original.jpg 
[2022-09-10 12:10:27 : INFO] - Successfully optimized the image - C:\xampp\htdocs\portfoliossingh/wp-content/uploads/2022/09/2-min-2.jpg.The file was compressed from 512.77 KB to 512.77 KB saving 0 percent using WP-Optimize 
[2022-09-10 12:10:27 : INFO] - Completed processing task with ID : 60, and type 'smush' 
[2022-09-10 12:10:28 : INFO] - Processing task with ID : 61, and type 'smush' 
[2022-09-10 12:10:28 : INFO] - Re_Smush_It_Task - Attachment ID : 734, Started on : September 10, 2022 12:03:15 
[2022-09-10 12:10:28 : INFO] - There were no WebP conversion tools found on your server. 
[2022-09-10 12:10:28 : INFO] - 100 
[2022-09-10 12:10:31 : INFO] - Backing up the original image - 2022/09/3-min-3-updraft-pre-smush-original.jpg 
[2022-09-10 12:10:31 : INFO] - Successfully optimized the image - C:\xampp\htdocs\portfoliossingh/wp-content/uploads/2022/09/3-min-3.jpg.The file was compressed from 75.60 KB to 75.60 KB saving 0 percent using WP-Optimize 
[2022-09-10 12:10:31 : INFO] - Completed processing task with ID : 61, and type 'smush' 
[2022-09-10 12:10:32 : INFO] - Processing task with ID : 62, and type 'smush' 
[2022-09-10 12:10:32 : INFO] - Re_Smush_It_Task - Attachment ID : 735, Started on : September 10, 2022 12:03:18 
[2022-09-10 12:10:32 : INFO] - There were no WebP conversion tools found on your server. 
[2022-09-10 12:10:32 : INFO] - 100 
[2022-09-10 12:10:34 : INFO] - Backing up the original image - 2022/09/4-min-2-updraft-pre-smush-original.jpg 
[2022-09-10 12:10:35 : INFO] - Successfully optimized the image - C:\xampp\htdocs\portfoliossingh/wp-content/uploads/2022/09/4-min-2.jpg.The file was compressed from 76.04 KB to 76.04 KB saving 0 percent using WP-Optimize 
[2022-09-10 12:10:36 : INFO] - Completed processing task with ID : 62, and type 'smush' 
[2022-09-10 12:10:36 : INFO] - Processing task with ID : 63, and type 'smush' 
[2022-09-10 12:10:36 : INFO] - Re_Smush_It_Task - Attachment ID : 736, Started on : September 10, 2022 12:03:22 
[2022-09-10 12:10:36 : INFO] - There were no WebP conversion tools found on your server. 
[2022-09-10 12:10:36 : INFO] - 100 
[2022-09-10 12:10:39 : INFO] - Backing up the original image - 2022/09/5-min-2-updraft-pre-smush-original.jpg 
[2022-09-10 12:10:40 : INFO] - Successfully optimized the image - C:\xampp\htdocs\portfoliossingh/wp-content/uploads/2022/09/5-min-2.jpg.The file was compressed from 104.75 KB to 104.75 KB saving 0 percent using WP-Optimize 
[2022-09-10 12:10:40 : INFO] - Completed processing task with ID : 63, and type 'smush' 
[2022-09-10 12:10:40 : INFO] - Processing task with ID : 64, and type 'smush' 
[2022-09-10 12:10:40 : INFO] - Re_Smush_It_Task - Attachment ID : 737, Started on : September 10, 2022 12:03:26 
[2022-09-10 12:10:40 : INFO] - There were no WebP conversion tools found on your server. 
[2022-09-10 12:10:40 : INFO] - 100 
[2022-09-10 12:10:43 : INFO] - Backing up the original image - 2022/09/6-min-1-updraft-pre-smush-original.jpg 
[2022-09-10 12:10:44 : INFO] - Successfully optimized the image - C:\xampp\htdocs\portfoliossingh/wp-content/uploads/2022/09/6-min-1.jpg.The file was compressed from 88.66 KB to 88.66 KB saving 0 percent using WP-Optimize 
[2022-09-10 12:10:44 : INFO] - Completed processing task with ID : 64, and type 'smush' 
[2022-09-10 12:10:44 : INFO] - Processing task with ID : 65, and type 'smush' 
[2022-09-10 12:10:44 : INFO] - Re_Smush_It_Task - Attachment ID : 738, Started on : September 10, 2022 12:03:28 
[2022-09-10 12:10:44 : INFO] - There were no WebP conversion tools found on your server. 
[2022-09-10 12:10:44 : INFO] - 100 
[2022-09-10 12:10:48 : INFO] - Backing up the original image - 2022/09/7-min-updraft-pre-smush-original.jpg 
[2022-09-10 12:10:48 : INFO] - Successfully optimized the image - C:\xampp\htdocs\portfoliossingh/wp-content/uploads/2022/09/7-min.jpg.The file was compressed from 134.68 KB to 134.68 KB saving 0 percent using WP-Optimize 
[2022-09-10 12:10:48 : INFO] - Completed processing task with ID : 65, and type 'smush' 
[2022-09-10 12:10:49 : INFO] - Processing task with ID : 66, and type 'smush' 
[2022-09-10 12:10:49 : INFO] - Re_Smush_It_Task - Attachment ID : 739, Started on : September 10, 2022 12:03:30 
[2022-09-10 12:10:49 : INFO] - There were no WebP conversion tools found on your server. 
[2022-09-10 12:10:49 : INFO] - 100 
[2022-09-10 12:10:51 : INFO] - Backing up the original image - 2022/09/8-min-updraft-pre-smush-original.jpg 
[2022-09-10 12:10:52 : INFO] - Successfully optimized the image - C:\xampp\htdocs\portfoliossingh/wp-content/uploads/2022/09/8-min.jpg.The file was compressed from 58.94 KB to 58.94 KB saving 0 percent using WP-Optimize 
[2022-09-10 12:10:52 : INFO] - Completed processing task with ID : 66, and type 'smush' 
[2022-09-10 12:10:52 : INFO] - Lock option (updraft_lock_smush, wp_options) released 
[2022-09-10 12:10:52 : INFO] - Successfully processed the queue (smush). 25 tasks were processed out of 25. 
[2022-09-10 12:10:52 : INFO] - Lock option (updraft_lock_smush, wp_options) was deleted from the database 
[2022-09-10 12:10:52 : INFO] - Cleaning up tasks of type (smush). A total of 66 tasks will be deleted. 
